Determining if the Q_WS_WIN exist failed with the following output:
Change Dir: /home/nvidia/project/alex-googlenet/jetson-inference/build/CMakeFiles/CMakeTmp

Run Build Command:"/usr/bin/make" "cmTC_d7e0c/fast"
/usr/bin/make -f CMakeFiles/cmTC_d7e0c.dir/build.make CMakeFiles/cmTC_d7e0c.dir/build
make[1]: Entering directory '/home/nvidia/project/alex-googlenet/jetson-inference/build/CMakeFiles/CMakeTmp'
Building CXX object CMakeFiles/cmTC_d7e0c.dir/CheckSymbolExists.cxx.o
/usr/bin/c++    -I/usr/include/qt4  -std=c++11    -o CMakeFiles/cmTC_d7e0c.dir/CheckSymbolExists.cxx.o -c /home/nvidia/project/alex-googlenet/jetson-inference/build/CMakeFiles/CMakeTmp/CheckSymbolExists.cxx
/home/nvidia/project/alex-googlenet/jetson-inference/build/CMakeFiles/CMakeTmp/CheckSymbolExists.cxx: In function ‘int main(int, char**)’:
/home/nvidia/project/alex-googlenet/jetson-inference/build/CMakeFiles/CMakeTmp/CheckSymbolExists.cxx:8:19: error: ‘Q_WS_WIN’ was not declared in this scope
   return ((int*)(&Q_WS_WIN))[argc];
                   ^
CMakeFiles/cmTC_d7e0c.dir/build.make:65: recipe for target 'CMakeFiles/cmTC_d7e0c.dir/CheckSymbolExists.cxx.o' failed
make[1]: *** [CMakeFiles/cmTC_d7e0c.dir/CheckSymbolExists.cxx.o] Error 1
make[1]: Leaving directory '/home/nvidia/project/alex-googlenet/jetson-inference/build/CMakeFiles/CMakeTmp'
Makefile:126: recipe for target 'cmTC_d7e0c/fast' failed
make: *** [cmTC_d7e0c/fast] Error 2

File /home/nvidia/project/alex-googlenet/jetson-inference/build/CMakeFiles/CMakeTmp/CheckSymbolExists.cxx:
/* */
#include <QtCore/qglobal.h>

int main(int argc, char** argv)
{
  (void)argv;
#ifndef Q_WS_WIN
  return ((int*)(&Q_WS_WIN))[argc];
#else
  (void)argc;
  return 0;
#endif
}

Determining if the Q_WS_QWS exist failed with the following output:
Change Dir: /home/nvidia/project/alex-googlenet/jetson-inference/build/CMakeFiles/CMakeTmp

Run Build Command:"/usr/bin/make" "cmTC_16907/fast"
/usr/bin/make -f CMakeFiles/cmTC_16907.dir/build.make CMakeFiles/cmTC_16907.dir/build
make[1]: Entering directory '/home/nvidia/project/alex-googlenet/jetson-inference/build/CMakeFiles/CMakeTmp'
Building CXX object CMakeFiles/cmTC_16907.dir/CheckSymbolExists.cxx.o
/usr/bin/c++    -I/usr/include/qt4  -std=c++11    -o CMakeFiles/cmTC_16907.dir/CheckSymbolExists.cxx.o -c /home/nvidia/project/alex-googlenet/jetson-inference/build/CMakeFiles/CMakeTmp/CheckSymbolExists.cxx
/home/nvidia/project/alex-googlenet/jetson-inference/build/CMakeFiles/CMakeTmp/CheckSymbolExists.cxx: In function ‘int main(int, char**)’:
/home/nvidia/project/alex-googlenet/jetson-inference/build/CMakeFiles/CMakeTmp/CheckSymbolExists.cxx:8:19: error: ‘Q_WS_QWS’ was not declared in this scope
   return ((int*)(&Q_WS_QWS))[argc];
                   ^
CMakeFiles/cmTC_16907.dir/build.make:65: recipe for target 'CMakeFiles/cmTC_16907.dir/CheckSymbolExists.cxx.o' failed
make[1]: *** [CMakeFiles/cmTC_16907.dir/CheckSymbolExists.cxx.o] Error 1
make[1]: Leaving directory '/home/nvidia/project/alex-googlenet/jetson-inference/build/CMakeFiles/CMakeTmp'
Makefile:126: recipe for target 'cmTC_16907/fast' failed
make: *** [cmTC_16907/fast] Error 2

File /home/nvidia/project/alex-googlenet/jetson-inference/build/CMakeFiles/CMakeTmp/CheckSymbolExists.cxx:
/* */
#include <QtCore/qglobal.h>

int main(int argc, char** argv)
{
  (void)argv;
#ifndef Q_WS_QWS
  return ((int*)(&Q_WS_QWS))[argc];
#else
  (void)argc;
  return 0;
#endif
}

Determining if the Q_WS_MAC exist failed with the following output:
Change Dir: /home/nvidia/project/alex-googlenet/jetson-inference/build/CMakeFiles/CMakeTmp

Run Build Command:"/usr/bin/make" "cmTC_737ab/fast"
/usr/bin/make -f CMakeFiles/cmTC_737ab.dir/build.make CMakeFiles/cmTC_737ab.dir/build
make[1]: Entering directory '/home/nvidia/project/alex-googlenet/jetson-inference/build/CMakeFiles/CMakeTmp'
Building CXX object CMakeFiles/cmTC_737ab.dir/CheckSymbolExists.cxx.o
/usr/bin/c++    -I/usr/include/qt4  -std=c++11    -o CMakeFiles/cmTC_737ab.dir/CheckSymbolExists.cxx.o -c /home/nvidia/project/alex-googlenet/jetson-inference/build/CMakeFiles/CMakeTmp/CheckSymbolExists.cxx
/home/nvidia/project/alex-googlenet/jetson-inference/build/CMakeFiles/CMakeTmp/CheckSymbolExists.cxx: In function ‘int main(int, char**)’:
/home/nvidia/project/alex-googlenet/jetson-inference/build/CMakeFiles/CMakeTmp/CheckSymbolExists.cxx:8:19: error: ‘Q_WS_MAC’ was not declared in this scope
   return ((int*)(&Q_WS_MAC))[argc];
                   ^
CMakeFiles/cmTC_737ab.dir/build.make:65: recipe for target 'CMakeFiles/cmTC_737ab.dir/CheckSymbolExists.cxx.o' failed
make[1]: *** [CMakeFiles/cmTC_737ab.dir/CheckSymbolExists.cxx.o] Error 1
make[1]: Leaving directory '/home/nvidia/project/alex-googlenet/jetson-inference/build/CMakeFiles/CMakeTmp'
Makefile:126: recipe for target 'cmTC_737ab/fast' failed
make: *** [cmTC_737ab/fast] Error 2

File /home/nvidia/project/alex-googlenet/jetson-inference/build/CMakeFiles/CMakeTmp/CheckSymbolExists.cxx:
/* */
#include <QtCore/qglobal.h>

int main(int argc, char** argv)
{
  (void)argv;
#ifndef Q_WS_MAC
  return ((int*)(&Q_WS_MAC))[argc];
#else
  (void)argc;
  return 0;
#endif
}

Determining if the pthread_create exist failed with the following output:
Change Dir: /home/nvidia/project/alex-googlenet/jetson-inference/build/CMakeFiles/CMakeTmp

Run Build Command:"/usr/bin/make" "cmTC_da8b4/fast"
/usr/bin/make -f CMakeFiles/cmTC_da8b4.dir/build.make CMakeFiles/cmTC_da8b4.dir/build
make[1]: Entering directory '/home/nvidia/project/alex-googlenet/jetson-inference/build/CMakeFiles/CMakeTmp'
Building C object CMakeFiles/cmTC_da8b4.dir/CheckSymbolExists.c.o
/usr/bin/cc    -fPIC    -o CMakeFiles/cmTC_da8b4.dir/CheckSymbolExists.c.o   -c /home/nvidia/project/alex-googlenet/jetson-inference/build/CMakeFiles/CMakeTmp/CheckSymbolExists.c
Linking C executable cmTC_da8b4
/usr/bin/cmake -E cmake_link_script CMakeFiles/cmTC_da8b4.dir/link.txt --verbose=1
/usr/bin/cc  -fPIC     CMakeFiles/cmTC_da8b4.dir/CheckSymbolExists.c.o  -o cmTC_da8b4 -rdynamic 
CMakeFiles/cmTC_da8b4.dir/CheckSymbolExists.c.o: In function `main':
CheckSymbolExists.c:(.text+0x14): undefined reference to `pthread_create'
CheckSymbolExists.c:(.text+0x18): undefined reference to `pthread_create'
collect2: error: ld returned 1 exit status
CMakeFiles/cmTC_da8b4.dir/build.make:97: recipe for target 'cmTC_da8b4' failed
make[1]: *** [cmTC_da8b4] Error 1
make[1]: Leaving directory '/home/nvidia/project/alex-googlenet/jetson-inference/build/CMakeFiles/CMakeTmp'
Makefile:126: recipe for target 'cmTC_da8b4/fast' failed
make: *** [cmTC_da8b4/fast] Error 2

File /home/nvidia/project/alex-googlenet/jetson-inference/build/CMakeFiles/CMakeTmp/CheckSymbolExists.c:
/* */
#include <pthread.h>

int main(int argc, char** argv)
{
  (void)argv;
#ifndef pthread_create
  return ((int*)(&pthread_create))[argc];
#else
  (void)argc;
  return 0;
#endif
}

Determining if the function pthread_create exists in the pthreads failed with the following output:
Change Dir: /home/nvidia/project/alex-googlenet/jetson-inference/build/CMakeFiles/CMakeTmp

Run Build Command:"/usr/bin/make" "cmTC_4f1e0/fast"
/usr/bin/make -f CMakeFiles/cmTC_4f1e0.dir/build.make CMakeFiles/cmTC_4f1e0.dir/build
make[1]: Entering directory '/home/nvidia/project/alex-googlenet/jetson-inference/build/CMakeFiles/CMakeTmp'
Building C object CMakeFiles/cmTC_4f1e0.dir/CheckFunctionExists.c.o
/usr/bin/cc    -fPIC -DCHECK_FUNCTION_EXISTS=pthread_create   -o CMakeFiles/cmTC_4f1e0.dir/CheckFunctionExists.c.o   -c /usr/share/cmake-3.5/Modules/CheckFunctionExists.c
Linking C executable cmTC_4f1e0
/usr/bin/cmake -E cmake_link_script CMakeFiles/cmTC_4f1e0.dir/link.txt --verbose=1
/usr/bin/cc  -fPIC -DCHECK_FUNCTION_EXISTS=pthread_create    CMakeFiles/cmTC_4f1e0.dir/CheckFunctionExists.c.o  -o cmTC_4f1e0 -rdynamic -lpthreads 
/usr/bin/ld: cannot find -lpthreads
collect2: error: ld returned 1 exit status
CMakeFiles/cmTC_4f1e0.dir/build.make:97: recipe for target 'cmTC_4f1e0' failed
make[1]: *** [cmTC_4f1e0] Error 1
make[1]: Leaving directory '/home/nvidia/project/alex-googlenet/jetson-inference/build/CMakeFiles/CMakeTmp'
Makefile:126: recipe for target 'cmTC_4f1e0/fast' failed
make: *** [cmTC_4f1e0/fast] Error 2


